Determining if the pthread_create exist failed with the following output:
Change Dir: /home/sutil/ClionProjects/ProjetoU/cmake-build-debug/CMakeFiles/CMakeTmp

Run Build Command:"/usr/bin/make" "cmTC_7089c/fast"
/usr/bin/make -f CMakeFiles/cmTC_7089c.dir/build.make CMakeFiles/cmTC_7089c.dir/build
make[1]: Entering directory '/home/sutil/ClionProjects/ProjetoU/cmake-build-debug/CMakeFiles/CMakeTmp'
Building C object CMakeFiles/cmTC_7089c.dir/CheckSymbolExists.c.o
/usr/bin/cc     -o CMakeFiles/cmTC_7089c.dir/CheckSymbolExists.c.o   -c /home/sutil/ClionProjects/ProjetoU/cmake-build-debug/CMakeFiles/CMakeTmp/CheckSymbolExists.c
Linking C executable cmTC_7089c
/home/sutil/CLion/clion-2016.3.1/bin/cmake/bin/cmake -E cmake_link_script CMakeFiles/cmTC_7089c.dir/link.txt --verbose=1
/usr/bin/cc       CMakeFiles/cmTC_7089c.dir/CheckSymbolExists.c.o  -o cmTC_7089c -rdynamic 
CMakeFiles/cmTC_7089c.dir/CheckSymbolExists.c.o: na função `main':
CheckSymbolExists.c:(.text+0x16): referência indefinida a `pthread_create'
collect2: error: ld returned 1 exit status
CMakeFiles/cmTC_7089c.dir/build.make:97: recipe for target 'cmTC_7089c' failed
make[1]: *** [cmTC_7089c] Error 1
make[1]: Leaving directory '/home/sutil/ClionProjects/ProjetoU/cmake-build-debug/CMakeFiles/CMakeTmp'
Makefile:126: recipe for target 'cmTC_7089c/fast' failed
make: *** [cmTC_7089c/fast] Error 2

File /home/sutil/ClionProjects/ProjetoU/cmake-build-debug/CMakeFiles/CMakeTmp/CheckSymbolExists.c:
/* */
#include <pthread.h>

int main(int argc, char** argv)
{
  (void)argv;
#ifndef pthread_create
  return ((int*)(&pthread_create))[argc];
#else
  (void)argc;
  return 0;
#endif
}

Determining if the function pthread_create exists in the pthreads failed with the following output:
Change Dir: /home/sutil/ClionProjects/ProjetoU/cmake-build-debug/CMakeFiles/CMakeTmp

Run Build Command:"/usr/bin/make" "cmTC_37244/fast"
/usr/bin/make -f CMakeFiles/cmTC_37244.dir/build.make CMakeFiles/cmTC_37244.dir/build
make[1]: Entering directory '/home/sutil/ClionProjects/ProjetoU/cmake-build-debug/CMakeFiles/CMakeTmp'
Building C object CMakeFiles/cmTC_37244.dir/CheckFunctionExists.c.o
/usr/bin/cc    -DCHECK_FUNCTION_EXISTS=pthread_create   -o CMakeFiles/cmTC_37244.dir/CheckFunctionExists.c.o   -c /home/sutil/CLion/clion-2016.3.1/bin/cmake/share/cmake-3.6/Modules/CheckFunctionExists.c
Linking C executable cmTC_37244
/home/sutil/CLion/clion-2016.3.1/bin/cmake/bin/cmake -E cmake_link_script CMakeFiles/cmTC_37244.dir/link.txt --verbose=1
/usr/bin/cc   -DCHECK_FUNCTION_EXISTS=pthread_create    CMakeFiles/cmTC_37244.dir/CheckFunctionExists.c.o  -o cmTC_37244 -rdynamic -lpthreads 
/usr/bin/ld: não foi possível encontrar -lpthreads
collect2: error: ld returned 1 exit status
CMakeFiles/cmTC_37244.dir/build.make:97: recipe for target 'cmTC_37244' failed
make[1]: *** [cmTC_37244] Error 1
make[1]: Leaving directory '/home/sutil/ClionProjects/ProjetoU/cmake-build-debug/CMakeFiles/CMakeTmp'
Makefile:126: recipe for target 'cmTC_37244/fast' failed
make: *** [cmTC_37244/fast] Error 2


